<?xml version="1.0" encoding="UTF-8"?>
<testng-results ignored="0" total="3" passed="3" failed="0" skipped="0">
  <reporter-output>
    <line>
      <![CDATA[<test>--->Test ---> Stsrted]]>
    </line>
    <line>
      <![CDATA[[TestCase--->addToCartTestCase---> Started]]]>
    </line>
    <line>
      <![CDATA[[TestCase--->addToCartTestCase---> Successfully]]]>
    </line>
    <line>
      <![CDATA[[TestCase--->removeProductFromCartTestCase---> Started]]]>
    </line>
    <line>
      <![CDATA[[TestCase--->removeProductFromCartTestCase---> Successfully]]]>
    </line>
    <line>
      <![CDATA[[TestCase--->byProductTestCase---> Started]]]>
    </line>
    <line>
      <![CDATA[[TestCase--->byProductTestCase---> Successfully]]]>
    </line>
  </reporter-output>
  <suite started-at="2025-10-16T12:53:19 IST" name="Suite" finished-at="2025-10-16T12:54:37 IST" duration-ms="77294">
    <groups>
    </groups>
    <test started-at="2025-10-16T12:53:19 IST" name="Test" finished-at="2025-10-16T12:54:37 IST" duration-ms="77294">
      <class name="testPackage.TC_RemoveProduct_002_Test">
        <test-method is-config="true" signature="browserSetup()[pri:0, instance:testPackage.TC_RemoveProduct_002_Test@28701274]" started-at="2025-10-16T12:53:40 IST" name="browserSetup" finished-at="2025-10-16T12:53:48 IST" duration-ms="7413" status="PASS">
          <reporter-output>
          </reporter-output>
        </test-method> <!-- browserSetup -->
        <test-method is-config="true" signature="login()[pri:0, instance:testPackage.TC_RemoveProduct_002_Test@28701274]" started-at="2025-10-16T12:53:48 IST" name="login" finished-at="2025-10-16T12:53:52 IST" duration-ms="4249" status="PASS">
          <reporter-output>
          </reporter-output>
        </test-method> <!-- login -->
        <test-method signature="removeProductFromCartTestCase()[pri:0, instance:testPackage.TC_RemoveProduct_002_Test@28701274]" started-at="2025-10-16T12:53:52 IST" name="removeProductFromCartTestCase" finished-at="2025-10-16T12:54:08 IST" duration-ms="15617" status="PASS">
          <reporter-output>
            <line>
              <![CDATA[[TestCase--->removeProductFromCartTestCase---> Started]]]>
            </line>
            <line>
              <![CDATA[[TestCase--->removeProductFromCartTestCase---> Successfully]]]>
            </line>
          </reporter-output>
        </test-method> <!-- removeProductFromCartTestCase -->
        <test-method is-config="true" signature="logout()[pri:0, instance:testPackage.TC_RemoveProduct_002_Test@28701274]" started-at="2025-10-16T12:54:08 IST" name="logout" finished-at="2025-10-16T12:54:09 IST" duration-ms="1405" status="PASS">
          <reporter-output>
          </reporter-output>
        </test-method> <!-- logout -->
        <test-method is-config="true" signature="tearDown()[pri:0, instance:testPackage.TC_RemoveProduct_002_Test@28701274]" started-at="2025-10-16T12:54:09 IST" name="tearDown" finished-at="2025-10-16T12:54:09 IST" duration-ms="306" status="PASS">
          <reporter-output>
          </reporter-output>
        </test-method> <!-- tearDown -->
      </class> <!-- testPackage.TC_RemoveProduct_002_Test -->
      <class name="testPackage.TC_AddToCart_001_Test">
        <test-method is-config="true" signature="browserSetup()[pri:0, instance:testPackage.TC_AddToCart_001_Test@2d3379b4]" started-at="2025-10-16T12:53:19 IST" name="browserSetup" finished-at="2025-10-16T12:53:28 IST" duration-ms="8246" status="PASS">
          <reporter-output>
          </reporter-output>
        </test-method> <!-- browserSetup -->
        <test-method is-config="true" signature="login()[pri:0, instance:testPackage.TC_AddToCart_001_Test@2d3379b4]" started-at="2025-10-16T12:53:28 IST" name="login" finished-at="2025-10-16T12:53:33 IST" duration-ms="5648" status="PASS">
          <reporter-output>
          </reporter-output>
        </test-method> <!-- login -->
        <test-method signature="addToCartTestCase()[pri:0, instance:testPackage.TC_AddToCart_001_Test@2d3379b4]" started-at="2025-10-16T12:53:33 IST" name="addToCartTestCase" finished-at="2025-10-16T12:53:38 IST" duration-ms="4116" status="PASS">
          <reporter-output>
            <line>
              <![CDATA[[TestCase--->addToCartTestCase---> Started]]]>
            </line>
            <line>
              <![CDATA[[TestCase--->addToCartTestCase---> Successfully]]]>
            </line>
          </reporter-output>
        </test-method> <!-- addToCartTestCase -->
        <test-method is-config="true" signature="logout()[pri:0, instance:testPackage.TC_AddToCart_001_Test@2d3379b4]" started-at="2025-10-16T12:53:38 IST" name="logout" finished-at="2025-10-16T12:53:40 IST" duration-ms="2301" status="PASS">
          <reporter-output>
          </reporter-output>
        </test-method> <!-- logout -->
        <test-method is-config="true" signature="tearDown()[pri:0, instance:testPackage.TC_AddToCart_001_Test@2d3379b4]" started-at="2025-10-16T12:53:40 IST" name="tearDown" finished-at="2025-10-16T12:53:40 IST" duration-ms="352" status="PASS">
          <reporter-output>
          </reporter-output>
        </test-method> <!-- tearDown -->
      </class> <!-- testPackage.TC_AddToCart_001_Test -->
      <class name="testPackage.TC_BuyProduct_003_Test">
        <test-method is-config="true" signature="browserSetup()[pri:0, instance:testPackage.TC_BuyProduct_003_Test@13c9d689]" started-at="2025-10-16T12:54:09 IST" name="browserSetup" finished-at="2025-10-16T12:54:16 IST" duration-ms="6541" status="PASS">
          <reporter-output>
          </reporter-output>
        </test-method> <!-- browserSetup -->
        <test-method is-config="true" signature="login()[pri:0, instance:testPackage.TC_BuyProduct_003_Test@13c9d689]" started-at="2025-10-16T12:54:16 IST" name="login" finished-at="2025-10-16T12:54:20 IST" duration-ms="4214" status="PASS">
          <reporter-output>
          </reporter-output>
        </test-method> <!-- login -->
        <test-method signature="byProductTestCase()[pri:0, instance:testPackage.TC_BuyProduct_003_Test@13c9d689]" started-at="2025-10-16T12:54:20 IST" name="byProductTestCase" finished-at="2025-10-16T12:54:35 IST" duration-ms="14767" status="PASS">
          <reporter-output>
            <line>
              <![CDATA[[TestCase--->byProductTestCase---> Started]]]>
            </line>
            <line>
              <![CDATA[[TestCase--->byProductTestCase---> Successfully]]]>
            </line>
          </reporter-output>
        </test-method> <!-- byProductTestCase -->
        <test-method is-config="true" signature="logout()[pri:0, instance:testPackage.TC_BuyProduct_003_Test@13c9d689]" started-at="2025-10-16T12:54:35 IST" name="logout" finished-at="2025-10-16T12:54:36 IST" duration-ms="1591" status="PASS">
          <reporter-output>
          </reporter-output>
        </test-method> <!-- logout -->
        <test-method is-config="true" signature="tearDown()[pri:0, instance:testPackage.TC_BuyProduct_003_Test@13c9d689]" started-at="2025-10-16T12:54:36 IST" name="tearDown" finished-at="2025-10-16T12:54:37 IST" duration-ms="407" status="PASS">
          <reporter-output>
          </reporter-output>
        </test-method> <!-- tearDown -->
      </class> <!-- testPackage.TC_BuyProduct_003_Test -->
    </test> <!-- Test -->
  </suite> <!-- Suite -->
</testng-results>
