<?xml version="1.0" encoding="UTF-8"?>
<!-- Generated by org.testng.reporters.JUnitXMLReporter -->
<testsuite ignored="0" hostname="DESKTOP-UOFQVSB" failures="0" tests="3" name="Bikes" time="50.578" errors="0" timestamp="2025-10-07T19:33:34 IST">
  <testcase classname="testNGBikes.TVSMotors" name="tvsMotors" time="20.563"/>
  <testcase classname="testNGBikes.YamahaBike" name="yamahaBike" time="11.991"/>
  <testcase classname="testNGBikes.HondaBike" name="hondaBike" time="17.943"/>
</testsuite> <!-- Bikes -->
