<?xml version="1.0" encoding="UTF-8"?>
<!-- Generated by org.testng.reporters.JUnitXMLReporter -->
<testsuite ignored="0" hostname="DESKTOP-UOFQVSB" failures="0" tests="4" name="Cars" time="62.742" errors="0" timestamp="2025-10-07T19:33:46 IST">
  <testcase classname="testNGCars.MercedezCar" name="mercedezCar" time="26.219"/>
  <testcase classname="testNGBikes.TVSMotors" name="tvsMotors" time="16.107"/>
  <testcase classname="testNGCars.AstonMartinCar" name="astonMartinCar" time="12.019"/>
  <testcase classname="testNGCars.BugatiCar" name="bugatiCar" time="8.333"/>
</testsuite> <!-- Cars -->
